<?xml version="1.0" encoding="UTF-8"?>
<testng-results ignored="0" total="1" passed="1" failed="0" skipped="0">
  <reporter-output>
  </reporter-output>
  <suite started-at="2023-07-19T05:05:58Z" name="Default suite" finished-at="2023-07-19T05:06:04Z" duration-ms="5837">
    <groups>
    </groups>
    <test started-at="2023-07-19T05:05:58Z" name="Default test" finished-at="2023-07-19T05:06:04Z" duration-ms="5837">
      <class name="in.amazon.DemoJenkins.VerifyTitle">
        <test-method is-config="true" signature="launchApplication()[pri:0, instance:in.amazon.DemoJenkins.VerifyTitle@7ae0a9ec]" started-at="2023-07-19T05:05:58Z" name="launchApplication" finished-at="2023-07-19T05:06:04Z" duration-ms="5547" status="PASS">
          <reporter-output>
          </reporter-output>
        </test-method> <!-- launchApplication -->
        <test-method signature="titleVerification()[pri:0, instance:in.amazon.DemoJenkins.VerifyTitle@7ae0a9ec]" started-at="2023-07-19T05:06:04Z" name="titleVerification" finished-at="2023-07-19T05:06:04Z" duration-ms="22" status="PASS">
          <reporter-output>
          </reporter-output>
        </test-method> <!-- titleVerification -->
        <test-method is-config="true" signature="closeBrowser()[pri:0, instance:in.amazon.DemoJenkins.VerifyTitle@7ae0a9ec]" started-at="2023-07-19T05:06:04Z" name="closeBrowser" finished-at="2023-07-19T05:06:04Z" duration-ms="245" status="PASS">
          <reporter-output>
          </reporter-output>
        </test-method> <!-- closeBrowser -->
      </class> <!-- in.amazon.DemoJenkins.VerifyTitle -->
    </test> <!-- Default test -->
  </suite> <!-- Default suite -->
</testng-results>
